2024-05-16 20:26:44,172 WARNING: El nivel de logging actual es: 30 [in C:\Users\Usuario\Desktop\DAM 2\SEGUNDO SEMESTRE\M13_DAMProject\back\app.py:47]
2024-05-16 20:26:44,306 WARNING: El nivel de logging actual es: 30 [in C:\Users\Usuario\Desktop\DAM 2\SEGUNDO SEMESTRE\M13_DAMProject\back\app.py:47]
2024-05-16 20:27:53,373 WARNING: El nivel de logging actual es: 10 [in C:\Users\Usuario\Desktop\DAM 2\SEGUNDO SEMESTRE\M13_DAMProject\back\app.py:47]
2024-05-16 20:27:53,453 WARNING: El nivel de logging actual es: 10 [in C:\Users\Usuario\Desktop\DAM 2\SEGUNDO SEMESTRE\M13_DAMProject\back\app.py:47]
2024-05-16 20:28:42,104 WARNING: El nivel de logging actual es: 10 [in C:\Users\Usuario\Desktop\DAM 2\SEGUNDO SEMESTRE\M13_DAMProject\back\app.py:48]
2024-05-16 20:28:42,368 WARNING: El nivel de logging actual es: 10 [in C:\Users\Usuario\Desktop\DAM 2\SEGUNDO SEMESTRE\M13_DAMProject\back\app.py:48]
2024-05-16 20:33:52,490 DEBUG: Print de usuario_id 5 [in C:\Users\Usuario\Desktop\DAM 2\SEGUNDO SEMESTRE\M13_DAMProject\back\auth.py:55]
2024-05-16 20:33:52,490 DEBUG: Print de exp_time y :exp_time_unix 2024-05-16 19:33:52.490508+00:00 // 1715888032.490508 [in C:\Users\Usuario\Desktop\DAM 2\SEGUNDO SEMESTRE\M13_DAMProject\back\auth.py:64]
2024-05-16 20:33:52,491 INFO: Usuario 5 ha iniciado sesión exitosamente. [in C:\Users\Usuario\Desktop\DAM 2\SEGUNDO SEMESTRE\M13_DAMProject\back\auth.py:73]
2024-05-16 20:53:01,599 DEBUG: Print de usuario_id 5 [in C:\Users\Usuario\Desktop\DAM 2\SEGUNDO SEMESTRE\M13_DAMProject\back\auth.py:55]
2024-05-16 20:53:01,600 DEBUG: Print de exp_time y :exp_time_unix 2024-05-16 19:53:01.600889+00:00 // 1715889181.600889 [in C:\Users\Usuario\Desktop\DAM 2\SEGUNDO SEMESTRE\M13_DAMProject\back\auth.py:64]
2024-05-16 20:53:01,603 INFO: Usuario 5 ha iniciado sesión exitosamente. [in C:\Users\Usuario\Desktop\DAM 2\SEGUNDO SEMESTRE\M13_DAMProject\back\auth.py:73]
2024-05-16 20:53:58,143 DEBUG: Print de usuario_id 5 [in C:\Users\Usuario\Desktop\DAM 2\SEGUNDO SEMESTRE\M13_DAMProject\back\auth.py:55]
2024-05-16 20:53:58,144 DEBUG: Print de exp_time y :exp_time_unix 2024-05-16 19:53:58.144152+00:00 // 1715889238.144152 [in C:\Users\Usuario\Desktop\DAM 2\SEGUNDO SEMESTRE\M13_DAMProject\back\auth.py:64]
2024-05-16 20:53:58,144 INFO: Usuario 5 ha iniciado sesión exitosamente. [in C:\Users\Usuario\Desktop\DAM 2\SEGUNDO SEMESTRE\M13_DAMProject\back\auth.py:73]
2024-05-16 20:53:58,145 INFO: token eyJhbGciOiJIUzI1NiIsInR5cCI6IkpXVCJ9.eyJzdWIiOjUsImV4cCI6MTcxNTg4OTIzOC4xNDQxNTJ9.A0E_1ft2W5RjMsLXYoA76pqu0QGgrzu12BKfxx4N1mE de inicio sesión exitosamente. [in C:\Users\Usuario\Desktop\DAM 2\SEGUNDO SEMESTRE\M13_DAMProject\back\auth.py:74]
2024-05-16 20:55:42,936 INFO: Print de la Clave SecretaDamM13&Pr0j3c7 [in C:\Users\Usuario\Desktop\DAM 2\SEGUNDO SEMESTRE\M13_DAMProject\back\app.py:97]
2024-05-16 20:55:42,937 INFO: Print de la Clave SecretaDamM13&Pr0j3c7 [in C:\Users\Usuario\Desktop\DAM 2\SEGUNDO SEMESTRE\M13_DAMProject\back\app.py:97]
2024-05-16 20:55:52,639 INFO: Print de la Clave Secreta: DamM13&Pr0j3c7 [in C:\Users\Usuario\Desktop\DAM 2\SEGUNDO SEMESTRE\M13_DAMProject\back\app.py:97]
2024-05-16 20:55:52,654 INFO: Print de la Clave Secreta: DamM13&Pr0j3c7 [in C:\Users\Usuario\Desktop\DAM 2\SEGUNDO SEMESTRE\M13_DAMProject\back\app.py:97]
2024-05-16 20:56:28,847 DEBUG: Print de usuario_id 5 [in C:\Users\Usuario\Desktop\DAM 2\SEGUNDO SEMESTRE\M13_DAMProject\back\auth.py:55]
2024-05-16 20:56:28,848 DEBUG: Print de exp_time y :exp_time_unix 2024-05-16 19:56:28.848623+00:00 // 1715889388.848623 [in C:\Users\Usuario\Desktop\DAM 2\SEGUNDO SEMESTRE\M13_DAMProject\back\auth.py:64]
2024-05-16 20:56:28,849 INFO: Usuario 5 ha iniciado sesión exitosamente. [in C:\Users\Usuario\Desktop\DAM 2\SEGUNDO SEMESTRE\M13_DAMProject\back\auth.py:74]
2024-05-16 20:56:28,850 INFO: token eyJhbGciOiJIUzI1NiIsInR5cCI6IkpXVCJ9.eyJzdWIiOjUsImV4cCI6MTcxNTg4OTM4OC44NDg2MjN9.mTrzTddEJTtNyvTwjQR_XyIQPjn4GqCuZMu33EASnHM de inicio sesión exitosamente. [in C:\Users\Usuario\Desktop\DAM 2\SEGUNDO SEMESTRE\M13_DAMProject\back\auth.py:75]
2024-05-17 21:24:30,222 DEBUG: Print de usuario_id 5 [in C:\Users\Usuario\Desktop\DAM 2\SEGUNDO SEMESTRE\M13_DAMProject\back\auth.py:55]
2024-05-17 21:24:30,222 DEBUG: Print de exp_time y :exp_time_unix 2024-05-17 20:24:30.222377+00:00 // 1715977470.222377 [in C:\Users\Usuario\Desktop\DAM 2\SEGUNDO SEMESTRE\M13_DAMProject\back\auth.py:64]
2024-05-17 21:24:30,224 INFO: Usuario 5 ha iniciado sesión exitosamente. [in C:\Users\Usuario\Desktop\DAM 2\SEGUNDO SEMESTRE\M13_DAMProject\back\auth.py:74]
2024-05-17 21:24:30,224 INFO: token eyJhbGciOiJIUzI1NiIsInR5cCI6IkpXVCJ9.eyJzdWIiOjUsImV4cCI6MTcxNTk3NzQ3MC4yMjIzNzd9.Pp9CPP4WJ9Dwh4Y-qZgKL9GKOHCHUgnEi19MoIZ2Lsc de inicio sesión exitosamente. [in C:\Users\Usuario\Desktop\DAM 2\SEGUNDO SEMESTRE\M13_DAMProject\back\auth.py:75]
2024-05-17 21:24:30,369 ERROR: Error no manejado: 404 Not Found: The requested URL was not found on the server. If you entered the URL manually please check your spelling and try again. [in C:\Users\Usuario\Desktop\DAM 2\SEGUNDO SEMESTRE\M13_DAMProject\back\app.py:108]
2024-05-17 21:24:31,111 ERROR: Error no manejado: 404 Not Found: The requested URL was not found on the server. If you entered the URL manually please check your spelling and try again. [in C:\Users\Usuario\Desktop\DAM 2\SEGUNDO SEMESTRE\M13_DAMProject\back\app.py:108]
2024-05-17 21:26:04,611 ERROR: Error no manejado: 404 Not Found: The requested URL was not found on the server. If you entered the URL manually please check your spelling and try again. [in C:\Users\Usuario\Desktop\DAM 2\SEGUNDO SEMESTRE\M13_DAMProject\back\app.py:108]
2024-05-17 21:26:04,992 ERROR: Error no manejado: 404 Not Found: The requested URL was not found on the server. If you entered the URL manually please check your spelling and try again. [in C:\Users\Usuario\Desktop\DAM 2\SEGUNDO SEMESTRE\M13_DAMProject\back\app.py:108]
2024-05-17 21:26:05,642 ERROR: Error no manejado: 404 Not Found: The requested URL was not found on the server. If you entered the URL manually please check your spelling and try again. [in C:\Users\Usuario\Desktop\DAM 2\SEGUNDO SEMESTRE\M13_DAMProject\back\app.py:108]
2024-05-17 21:27:06,870 ERROR: Error no manejado: 404 Not Found: The requested URL was not found on the server. If you entered the URL manually please check your spelling and try again. [in C:\Users\Usuario\Desktop\DAM 2\SEGUNDO SEMESTRE\M13_DAMProject\back\app.py:108]
2024-05-17 21:30:04,823 ERROR: Error no manejado: 404 Not Found: The requested URL was not found on the server. If you entered the URL manually please check your spelling and try again. [in C:\Users\Usuario\Desktop\DAM 2\SEGUNDO SEMESTRE\M13_DAMProject\back\app.py:108]
2024-05-17 21:30:26,688 ERROR: Error no manejado: 404 Not Found: The requested URL was not found on the server. If you entered the URL manually please check your spelling and try again. [in C:\Users\Usuario\Desktop\DAM 2\SEGUNDO SEMESTRE\M13_DAMProject\back\app.py:108]
2024-05-17 21:30:27,381 ERROR: Error no manejado: 404 Not Found: The requested URL was not found on the server. If you entered the URL manually please check your spelling and try again. [in C:\Users\Usuario\Desktop\DAM 2\SEGUNDO SEMESTRE\M13_DAMProject\back\app.py:108]
2024-05-18 10:52:01,213 ERROR: Error no manejado: 404 Not Found: The requested URL was not found on the server. If you entered the URL manually please check your spelling and try again. [in C:\Users\Usuario\Desktop\DAM 2\SEGUNDO SEMESTRE\M13_DAMProject\back\app.py:108]
2024-05-18 10:54:58,682 ERROR: Error no manejado: index.html [in C:\Users\Usuario\Desktop\DAM 2\SEGUNDO SEMESTRE\M13_DAMProject\back\app.py:109]
2024-05-18 10:55:32,798 ERROR: Error no manejado: 404 Not Found: The requested URL was not found on the server. If you entered the URL manually please check your spelling and try again. [in C:\Users\Usuario\Desktop\DAM 2\SEGUNDO SEMESTRE\M13_DAMProject\back\app.py:109]
2024-05-18 10:57:40,687 ERROR: Error no manejado: front/index.html [in C:\Users\Usuario\Desktop\DAM 2\SEGUNDO SEMESTRE\M13_DAMProject\back\app.py:109]
2024-05-18 10:57:51,908 ERROR: Error no manejado: ./front/index.html [in C:\Users\Usuario\Desktop\DAM 2\SEGUNDO SEMESTRE\M13_DAMProject\back\app.py:109]
2024-05-18 10:57:52,903 ERROR: Error no manejado: ./front/index.html [in C:\Users\Usuario\Desktop\DAM 2\SEGUNDO SEMESTRE\M13_DAMProject\back\app.py:109]
2024-05-18 10:58:15,102 ERROR: Error no manejado: back/front/index.html [in C:\Users\Usuario\Desktop\DAM 2\SEGUNDO SEMESTRE\M13_DAMProject\back\app.py:109]
2024-05-18 10:58:25,768 ERROR: Error no manejado: ../front/index.html [in C:\Users\Usuario\Desktop\DAM 2\SEGUNDO SEMESTRE\M13_DAMProject\back\app.py:109]
2024-05-18 10:59:39,115 ERROR: Error no manejado: 404 Not Found: The requested URL was not found on the server. If you entered the URL manually please check your spelling and try again. [in C:\Users\Usuario\Desktop\DAM 2\SEGUNDO SEMESTRE\M13_DAMProject\back\app.py:109]
2024-05-18 11:00:52,006 DEBUG: Print de usuario_id 5 [in C:\Users\Usuario\Desktop\DAM 2\SEGUNDO SEMESTRE\M13_DAMProject\back\auth.py:55]
2024-05-18 11:00:52,007 DEBUG: Print de exp_time y :exp_time_unix 2024-05-18 10:00:52.007620+00:00 // 1716026452.00762 [in C:\Users\Usuario\Desktop\DAM 2\SEGUNDO SEMESTRE\M13_DAMProject\back\auth.py:64]
2024-05-18 11:00:52,011 INFO: Usuario 5 ha iniciado sesión exitosamente. [in C:\Users\Usuario\Desktop\DAM 2\SEGUNDO SEMESTRE\M13_DAMProject\back\auth.py:74]
2024-05-18 11:00:52,014 INFO: token eyJhbGciOiJIUzI1NiIsInR5cCI6IkpXVCJ9.eyJzdWIiOjUsImV4cCI6MTcxNjAyNjQ1Mi4wMDc2Mn0.DQxK3oX0xdj_CC80cThwzf5fPx__eAyO7nqrupTKLEM de inicio sesión exitosamente. [in C:\Users\Usuario\Desktop\DAM 2\SEGUNDO SEMESTRE\M13_DAMProject\back\auth.py:75]
2024-05-18 11:45:14,036 DEBUG: Print de usuario_id 5 [in C:\Users\Usuario\Desktop\DAM 2\SEGUNDO SEMESTRE\M13_DAMProject\back\auth.py:55]
